2021-08-21 17:53:34.133  INFO 6812 --- [restartedMain] l.m.community.CommunityApplication       : Starting CommunityApplication on DESKTOP-CI1VTD4 with PID 6812 (D:\workspace\gitproject\community\target\classes started by DELL in D:\workspace\gitproject\zhk_community)
2021-08-21 17:53:34.133  INFO 6812 --- [restartedMain] l.m.community.CommunityApplication       : No active profile set, falling back to default profiles: default
2021-08-21 17:53:34.582  INFO 6812 --- [restartedMain] .e.DevToolsPropertyDefaultsPostProcessor : Devtools property defaults active! Set 'spring.devtools.add-properties' to 'false' to disable
2021-08-21 17:53:34.582  INFO 6812 --- [restartedMain] .e.DevToolsPropertyDefaultsPostProcessor : For additional web related logging consider setting the 'logging.level.web' property to 'DEBUG'
2021-08-21 17:53:39.163  INFO 6812 --- [restartedMain] o.s.b.w.embedded.tomcat.TomcatWebServer  : Tomcat initialized with port(s): 8887 (http)
2021-08-21 17:53:39.183  INFO 6812 --- [restartedMain] o.apache.catalina.core.StandardService   : Starting service [Tomcat]
2021-08-21 17:53:39.183  INFO 6812 --- [restartedMain] org.apache.catalina.core.StandardEngine  : Starting Servlet engine: [Apache Tomcat/9.0.17]
2021-08-21 17:53:39.293  INFO 6812 --- [restartedMain] o.a.c.c.C.[Tomcat].[localhost].[/]       : Initializing Spring embedded WebApplicationContext
2021-08-21 17:53:39.293  INFO 6812 --- [restartedMain] o.s.web.context.ContextLoader            : Root WebApplicationContext: initialization completed in 4700 ms
2021-08-21 17:53:40.453  INFO 6812 --- [restartedMain] o.s.s.concurrent.ThreadPoolTaskExecutor  : Initializing ExecutorService 'applicationTaskExecutor'
2021-08-21 17:53:40.593  INFO 6812 --- [restartedMain] o.s.b.a.w.s.WelcomePageHandlerMapping    : Adding welcome page template: index
2021-08-21 17:53:40.692  INFO 6812 --- [restartedMain] o.s.s.c.ThreadPoolTaskScheduler          : Initializing ExecutorService 'taskScheduler'
2021-08-21 17:53:40.793  INFO 6812 --- [restartedMain] o.s.b.d.a.OptionalLiveReloadServer       : LiveReload server is running on port 35729
2021-08-21 17:53:40.822  INFO 6812 --- [scheduling-1] l.m.community.schedule.AvatarFixTasks    : fixUserAvatar start Sat Aug 21 17:53:40 CST 2021
2021-08-21 17:53:40.863  INFO 6812 --- [restartedMain] o.s.b.w.embedded.tomcat.TomcatWebServer  : Tomcat started on port(s): 8887 (http) with context path ''
2021-08-21 17:53:40.863  INFO 6812 --- [restartedMain] l.m.community.CommunityApplication       : Started CommunityApplication in 8.75 seconds (JVM running for 11.78)
2021-08-21 17:53:40.873  INFO 6812 --- [scheduling-1] com.zaxxer.hikari.HikariDataSource       : HikariPool-1 - Starting...
2021-08-21 17:53:41.103  INFO 6812 --- [scheduling-1] com.zaxxer.hikari.HikariDataSource       : HikariPool-1 - Start completed.
2021-08-21 17:53:41.123  INFO 6812 --- [scheduling-1] l.m.community.schedule.AvatarFixTasks    : fixUserAvatar stop Sat Aug 21 17:53:41 CST 2021
2021-08-21 17:53:41.128  INFO 6812 --- [scheduling-1] l.m.community.schedule.HotTagTasks       : hotTagSchedule start Sat Aug 21 17:53:41 CST 2021
2021-08-21 17:53:41.128  INFO 6812 --- [scheduling-1] l.m.community.schedule.HotTagTasks       : hotTagSchedule stop Sat Aug 21 17:53:41 CST 2021
2021-08-21 17:55:08.420  INFO 6812 --- [http-nio-8887-exec-1] o.a.c.c.C.[Tomcat].[localhost].[/]       : Initializing Spring DispatcherServlet 'dispatcherServlet'
2021-08-21 17:55:08.420  INFO 6812 --- [http-nio-8887-exec-1] o.s.web.servlet.DispatcherServlet        : Initializing Servlet 'dispatcherServlet'
2021-08-21 17:55:08.430  INFO 6812 --- [http-nio-8887-exec-1] o.s.web.servlet.DispatcherServlet        : Completed initialization in 10 ms
2021-08-21 17:57:03.180 ERROR 6812 --- [http-nio-8887-exec-5] l.m.community.provider.GithubProvider    : getAccessToken error,AccessTokenDTO(client_id=7f316909bf70d1eaa2b2, client_secret=3c6f5cd2fceb99e3c8a338f53bb5e29ed156b2ef, code=7c1aa281526a1a72396c, redirect_uri=http://localhost:8887/callback/github, state=1)

javax.net.ssl.SSLException: Read timed out
	at sun.security.ssl.Alert.createSSLException(Alert.java:127) ~[na:1.8.0_292]
	at sun.security.ssl.TransportContext.fatal(TransportContext.java:324) ~[na:1.8.0_292]
	at sun.security.ssl.TransportContext.fatal(TransportContext.java:267) ~[na:1.8.0_292]
	at sun.security.ssl.TransportContext.fatal(TransportContext.java:262) ~[na:1.8.0_292]
	at sun.security.ssl.SSLTransport.decode(SSLTransport.java:138) ~[na:1.8.0_292]
	at sun.security.ssl.SSLSocketImpl.decode(SSLSocketImpl.java:1383) ~[na:1.8.0_292]
	at sun.security.ssl.SSLSocketImpl.readHandshakeRecord(SSLSocketImpl.java:1291) ~[na:1.8.0_292]
	at sun.security.ssl.SSLSocketImpl.startHandshake(SSLSocketImpl.java:435) ~[na:1.8.0_292]
	at okhttp3.internal.connection.RealConnection.connectTls(RealConnection.java:336) ~[okhttp-3.14.1.jar:na]
	at okhttp3.internal.connection.RealConnection.establishProtocol(RealConnection.java:300) ~[okhttp-3.14.1.jar:na]
	at okhttp3.internal.connection.RealConnection.connect(RealConnection.java:185) ~[okhttp-3.14.1.jar:na]
	at okhttp3.internal.connection.ExchangeFinder.findConnection(ExchangeFinder.java:224) ~[okhttp-3.14.1.jar:na]
	at okhttp3.internal.connection.ExchangeFinder.findHealthyConnection(ExchangeFinder.java:107) ~[okhttp-3.14.1.jar:na]
	at okhttp3.internal.connection.ExchangeFinder.find(ExchangeFinder.java:87) ~[okhttp-3.14.1.jar:na]
	at okhttp3.internal.connection.Transmitter.newExchange(Transmitter.java:169) ~[okhttp-3.14.1.jar:na]
	at okhttp3.internal.connection.ConnectInterceptor.intercept(ConnectInterceptor.java:41) ~[okhttp-3.14.1.jar:na]
	at okhttp3.internal.http.RealInterceptorChain.proceed(RealInterceptorChain.java:142) ~[okhttp-3.14.1.jar:na]
	at okhttp3.internal.http.RealInterceptorChain.proceed(RealInterceptorChain.java:117) ~[okhttp-3.14.1.jar:na]
	at okhttp3.internal.cache.CacheInterceptor.intercept(CacheInterceptor.java:94) ~[okhttp-3.14.1.jar:na]
	at okhttp3.internal.http.RealInterceptorChain.proceed(RealInterceptorChain.java:142) ~[okhttp-3.14.1.jar:na]
	at okhttp3.internal.http.RealInterceptorChain.proceed(RealInterceptorChain.java:117) ~[okhttp-3.14.1.jar:na]
	at okhttp3.internal.http.BridgeInterceptor.intercept(BridgeInterceptor.java:93) ~[okhttp-3.14.1.jar:na]
	at okhttp3.internal.http.RealInterceptorChain.proceed(RealInterceptorChain.java:142) ~[okhttp-3.14.1.jar:na]
	at okhttp3.internal.http.RetryAndFollowUpInterceptor.intercept(RetryAndFollowUpInterceptor.java:88) ~[okhttp-3.14.1.jar:na]
	at okhttp3.internal.http.RealInterceptorChain.proceed(RealInterceptorChain.java:142) ~[okhttp-3.14.1.jar:na]
	at okhttp3.internal.http.RealInterceptorChain.proceed(RealInterceptorChain.java:117) ~[okhttp-3.14.1.jar:na]
	at okhttp3.RealCall.getResponseWithInterceptorChain(RealCall.java:221) ~[okhttp-3.14.1.jar:na]
	at okhttp3.RealCall.execute(RealCall.java:81) ~[okhttp-3.14.1.jar:na]
	at life.majiang.community.provider.GithubProvider.getAccessToken(GithubProvider.java:39) ~[classes/:na]
	at life.majiang.community.strategy.GithubUserStrategy.getUser(GithubUserStrategy.java:19) [classes/:na]
	at life.majiang.community.controller.AuthorizeController.newCallback(AuthorizeController.java:61) [classes/:na]
	at sun.reflect.NativeMethodAccessorImpl.invoke0(Native Method) ~[na:1.8.0_292]
	at sun.reflect.NativeMethodAccessorImpl.invoke(NativeMethodAccessorImpl.java:62) ~[na:1.8.0_292]
	at sun.reflect.DelegatingMethodAccessorImpl.invoke(DelegatingMethodAccessorImpl.java:43) ~[na:1.8.0_292]
	at java.lang.reflect.Method.invoke(Method.java:498) ~[na:1.8.0_292]
	at org.springframework.web.method.support.InvocableHandlerMethod.doInvoke(InvocableHandlerMethod.java:189) [spring-web-5.1.6.RELEASE.jar:5.1.6.RELEASE]
	at org.springframework.web.method.support.InvocableHandlerMethod.invokeForRequest(InvocableHandlerMethod.java:138) [spring-web-5.1.6.RELEASE.jar:5.1.6.RELEASE]
	at org.springframework.web.servlet.mvc.method.annotation.ServletInvocableHandlerMethod.invokeAndHandle(ServletInvocableHandlerMethod.java:102) [spring-webmvc-5.1.6.RELEASE.jar:5.1.6.RELEASE]
	at org.springframework.web.servlet.mvc.method.annotation.RequestMappingHandlerAdapter.invokeHandlerMethod(RequestMappingHandlerAdapter.java:892) [spring-webmvc-5.1.6.RELEASE.jar:5.1.6.RELEASE]
	at org.springframework.web.servlet.mvc.method.annotation.RequestMappingHandlerAdapter.handleInternal(RequestMappingHandlerAdapter.java:797) [spring-webmvc-5.1.6.RELEASE.jar:5.1.6.RELEASE]
	at org.springframework.web.servlet.mvc.method.AbstractHandlerMethodAdapter.handle(AbstractHandlerMethodAdapter.java:87) [spring-webmvc-5.1.6.RELEASE.jar:5.1.6.RELEASE]
	at org.springframework.web.servlet.DispatcherServlet.doDispatch(DispatcherServlet.java:1038) [spring-webmvc-5.1.6.RELEASE.jar:5.1.6.RELEASE]
	at org.springframework.web.servlet.DispatcherServlet.doService(DispatcherServlet.java:942) [spring-webmvc-5.1.6.RELEASE.jar:5.1.6.RELEASE]
	at org.springframework.web.servlet.FrameworkServlet.processRequest(FrameworkServlet.java:1005) [spring-webmvc-5.1.6.RELEASE.jar:5.1.6.RELEASE]
	at org.springframework.web.servlet.FrameworkServlet.doGet(FrameworkServlet.java:897) [spring-webmvc-5.1.6.RELEASE.jar:5.1.6.RELEASE]
	at javax.servlet.http.HttpServlet.service(HttpServlet.java:634) [tomcat-embed-core-9.0.17.jar:9.0.17]
	at org.springframework.web.servlet.FrameworkServlet.service(FrameworkServlet.java:882) [spring-webmvc-5.1.6.RELEASE.jar:5.1.6.RELEASE]
	at javax.servlet.http.HttpServlet.service(HttpServlet.java:741) [tomcat-embed-core-9.0.17.jar:9.0.17]
	at org.apache.catalina.core.ApplicationFilterChain.internalDoFilter(ApplicationFilterChain.java:231) [tomcat-embed-core-9.0.17.jar:9.0.17]
	at org.apache.catalina.core.ApplicationFilterChain.doFilter(ApplicationFilterChain.java:166) [tomcat-embed-core-9.0.17.jar:9.0.17]
	at org.apache.tomcat.websocket.server.WsFilter.doFilter(WsFilter.java:53) [tomcat-embed-websocket-9.0.17.jar:9.0.17]
	at org.apache.catalina.core.ApplicationFilterChain.internalDoFilter(ApplicationFilterChain.java:193) [tomcat-embed-core-9.0.17.jar:9.0.17]
	at org.apache.catalina.core.ApplicationFilterChain.doFilter(ApplicationFilterChain.java:166) [tomcat-embed-core-9.0.17.jar:9.0.17]
	at org.springframework.web.filter.RequestContextFilter.doFilterInternal(RequestContextFilter.java:99) [spring-web-5.1.6.RELEASE.jar:5.1.6.RELEASE]
	at org.springframework.web.filter.OncePerRequestFilter.doFilter(OncePerRequestFilter.java:107) [spring-web-5.1.6.RELEASE.jar:5.1.6.RELEASE]
	at org.apache.catalina.core.ApplicationFilterChain.internalDoFilter(ApplicationFilterChain.java:193) [tomcat-embed-core-9.0.17.jar:9.0.17]
	at org.apache.catalina.core.ApplicationFilterChain.doFilter(ApplicationFilterChain.java:166) [tomcat-embed-core-9.0.17.jar:9.0.17]
	at org.springframework.web.filter.FormContentFilter.doFilterInternal(FormContentFilter.java:92) [spring-web-5.1.6.RELEASE.jar:5.1.6.RELEASE]
	at org.springframework.web.filter.OncePerRequestFilter.doFilter(OncePerRequestFilter.java:107) [spring-web-5.1.6.RELEASE.jar:5.1.6.RELEASE]
	at org.apache.catalina.core.ApplicationFilterChain.internalDoFilter(ApplicationFilterChain.java:193) [tomcat-embed-core-9.0.17.jar:9.0.17]
	at org.apache.catalina.core.ApplicationFilterChain.doFilter(ApplicationFilterChain.java:166) [tomcat-embed-core-9.0.17.jar:9.0.17]
	at org.springframework.web.filter.HiddenHttpMethodFilter.doFilterInternal(HiddenHttpMethodFilter.java:93) [spring-web-5.1.6.RELEASE.jar:5.1.6.RELEASE]
	at org.springframework.web.filter.OncePerRequestFilter.doFilter(OncePerRequestFilter.java:107) [spring-web-5.1.6.RELEASE.jar:5.1.6.RELEASE]
	at org.apache.catalina.core.ApplicationFilterChain.internalDoFilter(ApplicationFilterChain.java:193) [tomcat-embed-core-9.0.17.jar:9.0.17]
	at org.apache.catalina.core.ApplicationFilterChain.doFilter(ApplicationFilterChain.java:166) [tomcat-embed-core-9.0.17.jar:9.0.17]
	at org.springframework.web.filter.CharacterEncodingFilter.doFilterInternal(CharacterEncodingFilter.java:200) [spring-web-5.1.6.RELEASE.jar:5.1.6.RELEASE]
	at org.springframework.web.filter.OncePerRequestFilter.doFilter(OncePerRequestFilter.java:107) [spring-web-5.1.6.RELEASE.jar:5.1.6.RELEASE]
	at org.apache.catalina.core.ApplicationFilterChain.internalDoFilter(ApplicationFilterChain.java:193) [tomcat-embed-core-9.0.17.jar:9.0.17]
	at org.apache.catalina.core.ApplicationFilterChain.doFilter(ApplicationFilterChain.java:166) [tomcat-embed-core-9.0.17.jar:9.0.17]
	at org.apache.catalina.core.StandardWrapperValve.invoke(StandardWrapperValve.java:200) [tomcat-embed-core-9.0.17.jar:9.0.17]
	at org.apache.catalina.core.StandardContextValve.invoke(StandardContextValve.java:96) [tomcat-embed-core-9.0.17.jar:9.0.17]
	at org.apache.catalina.authenticator.AuthenticatorBase.invoke(AuthenticatorBase.java:490) [tomcat-embed-core-9.0.17.jar:9.0.17]
	at org.apache.catalina.core.StandardHostValve.invoke(StandardHostValve.java:139) [tomcat-embed-core-9.0.17.jar:9.0.17]
	at org.apache.catalina.valves.ErrorReportValve.invoke(ErrorReportValve.java:92) [tomcat-embed-core-9.0.17.jar:9.0.17]
	at org.apache.catalina.core.StandardEngineValve.invoke(StandardEngineValve.java:74) [tomcat-embed-core-9.0.17.jar:9.0.17]
	at org.apache.catalina.connector.CoyoteAdapter.service(CoyoteAdapter.java:343) [tomcat-embed-core-9.0.17.jar:9.0.17]
	at org.apache.coyote.http11.Http11Processor.service(Http11Processor.java:408) [tomcat-embed-core-9.0.17.jar:9.0.17]
	at org.apache.coyote.AbstractProcessorLight.process(AbstractProcessorLight.java:66) [tomcat-embed-core-9.0.17.jar:9.0.17]
	at org.apache.coyote.AbstractProtocol$ConnectionHandler.process(AbstractProtocol.java:834) [tomcat-embed-core-9.0.17.jar:9.0.17]
	at org.apache.tomcat.util.net.NioEndpoint$SocketProcessor.doRun(NioEndpoint.java:1415) [tomcat-embed-core-9.0.17.jar:9.0.17]
	at org.apache.tomcat.util.net.SocketProcessorBase.run(SocketProcessorBase.java:49) [tomcat-embed-core-9.0.17.jar:9.0.17]
	at java.util.concurrent.ThreadPoolExecutor.runWorker(ThreadPoolExecutor.java:1149) [na:1.8.0_292]
	at java.util.concurrent.ThreadPoolExecutor$Worker.run(ThreadPoolExecutor.java:624) [na:1.8.0_292]
	at org.apache.tomcat.util.threads.TaskThread$WrappingRunnable.run(TaskThread.java:61) [tomcat-embed-core-9.0.17.jar:9.0.17]
	at java.lang.Thread.run(Thread.java:748) [na:1.8.0_292]
Caused by: java.net.SocketTimeoutException: Read timed out
	at java.net.SocketInputStream.socketRead0(Native Method) ~[na:1.8.0_292]
	at java.net.SocketInputStream.socketRead(SocketInputStream.java:116) ~[na:1.8.0_292]
	at java.net.SocketInputStream.read(SocketInputStream.java:171) ~[na:1.8.0_292]
	at java.net.SocketInputStream.read(SocketInputStream.java:141) ~[na:1.8.0_292]
	at sun.security.ssl.SSLSocketInputRecord.read(SSLSocketInputRecord.java:457) ~[na:1.8.0_292]
	at sun.security.ssl.SSLSocketInputRecord.decode(SSLSocketInputRecord.java:165) ~[na:1.8.0_292]
	at sun.security.ssl.SSLTransport.decode(SSLTransport.java:109) ~[na:1.8.0_292]
	... 80 common frames omitted

2021-08-21 17:57:06.844 ERROR 6812 --- [http-nio-8887-exec-5] l.m.c.controller.AuthorizeController     : callback get github error,LoginUserInfo(name=null, id=null, bio=null, avatarUrl=null)
2021-08-21 17:58:00.657  INFO 6812 --- [http-nio-8887-exec-3] life.majiang.community.utils.FileUtils   : FILE_UTILS_NEW_INFO, url : https://avatars.githubusercontent.com/u/87591745?v=4, localFile : D:\workspace\gitproject\zhk_community\68088659d9164479a545f68d9a80d702.png
2021-08-21 17:59:05.062  INFO 6812 --- [http-nio-8887-exec-6] life.majiang.community.utils.FileUtils   : FILE_UTILS_NEW_INFO, url : https://avatars.githubusercontent.com/u/87591745?v=4, localFile : D:\workspace\gitproject\zhk_community\6cba161ced2448f8909c36685a222c2e.png
2021-08-21 18:03:20.023  INFO 12040 --- [restartedMain] l.m.community.CommunityApplication       : Starting CommunityApplication on DESKTOP-CI1VTD4 with PID 12040 (D:\workspace\gitproject\community\target\classes started by DELL in D:\workspace\gitproject\zhk_community)
2021-08-21 18:03:20.023  INFO 12040 --- [restartedMain] l.m.community.CommunityApplication       : No active profile set, falling back to default profiles: default
2021-08-21 18:03:20.294  INFO 12040 --- [restartedMain] .e.DevToolsPropertyDefaultsPostProcessor : Devtools property defaults active! Set 'spring.devtools.add-properties' to 'false' to disable
2021-08-21 18:03:20.294  INFO 12040 --- [restartedMain] .e.DevToolsPropertyDefaultsPostProcessor : For additional web related logging consider setting the 'logging.level.web' property to 'DEBUG'
2021-08-21 18:03:24.073  INFO 12040 --- [restartedMain] o.s.b.w.embedded.tomcat.TomcatWebServer  : Tomcat initialized with port(s): 8887 (http)
2021-08-21 18:03:24.143  INFO 12040 --- [restartedMain] o.apache.catalina.core.StandardService   : Starting service [Tomcat]
2021-08-21 18:03:24.143  INFO 12040 --- [restartedMain] org.apache.catalina.core.StandardEngine  : Starting Servlet engine: [Apache Tomcat/9.0.17]
2021-08-21 18:03:24.634  INFO 12040 --- [restartedMain] o.a.c.c.C.[Tomcat].[localhost].[/]       : Initializing Spring embedded WebApplicationContext
2021-08-21 18:03:24.635  INFO 12040 --- [restartedMain] o.s.web.context.ContextLoader            : Root WebApplicationContext: initialization completed in 4341 ms
2021-08-21 18:03:27.283  INFO 12040 --- [restartedMain] o.s.s.concurrent.ThreadPoolTaskExecutor  : Initializing ExecutorService 'applicationTaskExecutor'
2021-08-21 18:03:27.913  INFO 12040 --- [restartedMain] o.s.b.a.w.s.WelcomePageHandlerMapping    : Adding welcome page template: index
2021-08-21 18:03:28.268  INFO 12040 --- [restartedMain] o.s.s.c.ThreadPoolTaskScheduler          : Initializing ExecutorService 'taskScheduler'
2021-08-21 18:03:28.419  INFO 12040 --- [restartedMain] o.s.b.d.a.OptionalLiveReloadServer       : LiveReload server is running on port 35729
2021-08-21 18:03:28.472  INFO 12040 --- [scheduling-1] l.m.community.schedule.AvatarFixTasks    : fixUserAvatar start Sat Aug 21 18:03:28 CST 2021
2021-08-21 18:03:28.753  INFO 12040 --- [restartedMain] o.s.b.w.embedded.tomcat.TomcatWebServer  : Tomcat started on port(s): 8887 (http) with context path ''
2021-08-21 18:03:28.763  INFO 12040 --- [restartedMain] l.m.community.CommunityApplication       : Started CommunityApplication in 9.28 seconds (JVM running for 14.464)
2021-08-21 18:03:28.783  INFO 12040 --- [scheduling-1] com.zaxxer.hikari.HikariDataSource       : HikariPool-1 - Starting...
2021-08-21 18:03:29.173  INFO 12040 --- [scheduling-1] com.zaxxer.hikari.HikariDataSource       : HikariPool-1 - Start completed.
2021-08-21 18:03:29.233  INFO 12040 --- [scheduling-1] l.m.community.schedule.AvatarFixTasks    : fixUserAvatar stop Sat Aug 21 18:03:29 CST 2021
2021-08-21 18:03:29.233  INFO 12040 --- [scheduling-1] l.m.community.schedule.HotTagTasks       : hotTagSchedule start Sat Aug 21 18:03:29 CST 2021
2021-08-21 18:03:29.263  INFO 12040 --- [scheduling-1] l.m.community.schedule.HotTagTasks       : hotTagSchedule stop Sat Aug 21 18:03:29 CST 2021
2021-08-21 18:03:37.016  INFO 12040 --- [http-nio-8887-exec-1] o.a.c.c.C.[Tomcat].[localhost].[/]       : Initializing Spring DispatcherServlet 'dispatcherServlet'
2021-08-21 18:03:37.017  INFO 12040 --- [http-nio-8887-exec-1] o.s.web.servlet.DispatcherServlet        : Initializing Servlet 'dispatcherServlet'
2021-08-21 18:03:37.064  INFO 12040 --- [http-nio-8887-exec-1] o.s.web.servlet.DispatcherServlet        : Completed initialization in 47 ms
2021-08-21 18:11:41.147  WARN 12040 --- [HikariPool-1 housekeeper] com.zaxxer.hikari.pool.HikariPool        : HikariPool-1 - Thread starvation or clock leap detected (housekeeper delta=1m59s919ms15µs300ns).
2021-08-21 18:12:58.723  WARN 12040 --- [HikariPool-1 housekeeper] com.zaxxer.hikari.pool.HikariPool        : HikariPool-1 - Thread starvation or clock leap detected (housekeeper delta=1m16s834ms855µs701ns).
2021-08-21 18:13:28.476  INFO 12040 --- [scheduling-1] l.m.community.schedule.AvatarFixTasks    : fixUserAvatar start Sat Aug 21 18:13:28 CST 2021
2021-08-21 18:13:28.477  INFO 12040 --- [scheduling-1] l.m.community.schedule.AvatarFixTasks    : fixUserAvatar stop Sat Aug 21 18:13:28 CST 2021
2021-08-21 18:14:15.771  INFO 12040 --- [http-nio-8887-exec-8] l.majiang.community.cache.QuestionCache  : QUESTIONS_CACHE_REMOVE:sticky
2021-08-21 18:15:37.413  INFO 12040 --- [Thread-9] o.s.s.c.ThreadPoolTaskScheduler          : Shutting down ExecutorService 'taskScheduler'
2021-08-21 18:15:37.433  INFO 12040 --- [Thread-9] o.s.s.concurrent.ThreadPoolTaskExecutor  : Shutting down ExecutorService 'applicationTaskExecutor'
2021-08-21 18:15:37.433  INFO 12040 --- [Thread-9] com.zaxxer.hikari.HikariDataSource       : HikariPool-1 - Shutdown initiated...
2021-08-21 18:15:37.444  INFO 12040 --- [Thread-9] com.zaxxer.hikari.HikariDataSource       : HikariPool-1 - Shutdown completed.
2021-08-21 18:16:06.274  INFO 9504 --- [restartedMain] l.m.community.CommunityApplication       : Starting CommunityApplication on DESKTOP-CI1VTD4 with PID 9504 (D:\workspace\gitproject\community\target\classes started by DELL in D:\workspace\gitproject\zhk_community)
2021-08-21 18:16:06.293  INFO 9504 --- [restartedMain] l.m.community.CommunityApplication       : No active profile set, falling back to default profiles: default
2021-08-21 18:16:06.874  INFO 9504 --- [restartedMain] .e.DevToolsPropertyDefaultsPostProcessor : Devtools property defaults active! Set 'spring.devtools.add-properties' to 'false' to disable
2021-08-21 18:16:06.874  INFO 9504 --- [restartedMain] .e.DevToolsPropertyDefaultsPostProcessor : For additional web related logging consider setting the 'logging.level.web' property to 'DEBUG'
2021-08-21 18:16:11.373  INFO 9504 --- [restartedMain] o.s.b.w.embedded.tomcat.TomcatWebServer  : Tomcat initialized with port(s): 8887 (http)
2021-08-21 18:16:11.423  INFO 9504 --- [restartedMain] o.apache.catalina.core.StandardService   : Starting service [Tomcat]
2021-08-21 18:16:11.423  INFO 9504 --- [restartedMain] org.apache.catalina.core.StandardEngine  : Starting Servlet engine: [Apache Tomcat/9.0.17]
2021-08-21 18:16:11.524  INFO 9504 --- [restartedMain] o.a.c.c.C.[Tomcat].[localhost].[/]       : Initializing Spring embedded WebApplicationContext
2021-08-21 18:16:11.524  INFO 9504 --- [restartedMain] o.s.web.context.ContextLoader            : Root WebApplicationContext: initialization completed in 4650 ms
2021-08-21 18:16:12.693  INFO 9504 --- [restartedMain] o.s.s.concurrent.ThreadPoolTaskExecutor  : Initializing ExecutorService 'applicationTaskExecutor'
2021-08-21 18:16:12.869  INFO 9504 --- [restartedMain] o.s.b.a.w.s.WelcomePageHandlerMapping    : Adding welcome page template: index
2021-08-21 18:16:13.246  INFO 9504 --- [restartedMain] o.s.s.c.ThreadPoolTaskScheduler          : Initializing ExecutorService 'taskScheduler'
2021-08-21 18:16:13.386  INFO 9504 --- [restartedMain] o.s.b.d.a.OptionalLiveReloadServer       : LiveReload server is running on port 35729
2021-08-21 18:16:13.427  INFO 9504 --- [scheduling-1] l.m.community.schedule.AvatarFixTasks    : fixUserAvatar start Sat Aug 21 18:16:13 CST 2021
2021-08-21 18:16:13.554  INFO 9504 --- [restartedMain] o.s.b.w.embedded.tomcat.TomcatWebServer  : Tomcat started on port(s): 8887 (http) with context path ''
2021-08-21 18:16:13.557  INFO 9504 --- [restartedMain] l.m.community.CommunityApplication       : Started CommunityApplication in 9.838 seconds (JVM running for 14.292)
2021-08-21 18:16:13.567  INFO 9504 --- [scheduling-1] com.zaxxer.hikari.HikariDataSource       : HikariPool-1 - Starting...
2021-08-21 18:16:14.024  INFO 9504 --- [scheduling-1] com.zaxxer.hikari.HikariDataSource       : HikariPool-1 - Start completed.
2021-08-21 18:16:14.084  INFO 9504 --- [scheduling-1] l.m.community.schedule.AvatarFixTasks    : fixUserAvatar stop Sat Aug 21 18:16:14 CST 2021
2021-08-21 18:16:14.084  INFO 9504 --- [scheduling-1] l.m.community.schedule.HotTagTasks       : hotTagSchedule start Sat Aug 21 18:16:14 CST 2021
2021-08-21 18:16:14.084  INFO 9504 --- [scheduling-1] l.m.community.schedule.HotTagTasks       : hotTagSchedule stop Sat Aug 21 18:16:14 CST 2021
2021-08-21 18:16:16.929  INFO 9504 --- [http-nio-8887-exec-1] o.a.c.c.C.[Tomcat].[localhost].[/]       : Initializing Spring DispatcherServlet 'dispatcherServlet'
2021-08-21 18:16:16.929  INFO 9504 --- [http-nio-8887-exec-1] o.s.web.servlet.DispatcherServlet        : Initializing Servlet 'dispatcherServlet'
2021-08-21 18:16:16.977  INFO 9504 --- [http-nio-8887-exec-1] o.s.web.servlet.DispatcherServlet        : Completed initialization in 48 ms
2021-08-21 18:26:13.434  INFO 9504 --- [scheduling-1] l.m.community.schedule.AvatarFixTasks    : fixUserAvatar start Sat Aug 21 18:26:13 CST 2021
2021-08-21 18:26:13.454  INFO 9504 --- [scheduling-1] l.m.community.schedule.AvatarFixTasks    : fixUserAvatar stop Sat Aug 21 18:26:13 CST 2021
2021-08-21 18:36:13.434  INFO 9504 --- [scheduling-1] l.m.community.schedule.AvatarFixTasks    : fixUserAvatar start Sat Aug 21 18:36:13 CST 2021
2021-08-21 18:36:13.434  INFO 9504 --- [scheduling-1] l.m.community.schedule.AvatarFixTasks    : fixUserAvatar stop Sat Aug 21 18:36:13 CST 2021
2021-08-21 18:46:13.445  INFO 9504 --- [scheduling-1] l.m.community.schedule.AvatarFixTasks    : fixUserAvatar start Sat Aug 21 18:46:13 CST 2021
2021-08-21 18:46:13.445  INFO 9504 --- [scheduling-1] l.m.community.schedule.AvatarFixTasks    : fixUserAvatar stop Sat Aug 21 18:46:13 CST 2021
2021-08-21 18:56:13.435  INFO 9504 --- [scheduling-1] l.m.community.schedule.AvatarFixTasks    : fixUserAvatar start Sat Aug 21 18:56:13 CST 2021
2021-08-21 18:56:13.435  INFO 9504 --- [scheduling-1] l.m.community.schedule.AvatarFixTasks    : fixUserAvatar stop Sat Aug 21 18:56:13 CST 2021
2021-08-21 19:06:13.435  INFO 9504 --- [scheduling-1] l.m.community.schedule.AvatarFixTasks    : fixUserAvatar start Sat Aug 21 19:06:13 CST 2021
2021-08-21 19:06:13.576  INFO 9504 --- [scheduling-1] l.m.community.schedule.AvatarFixTasks    : fixUserAvatar stop Sat Aug 21 19:06:13 CST 2021
2021-08-21 19:16:13.436  INFO 9504 --- [scheduling-1] l.m.community.schedule.AvatarFixTasks    : fixUserAvatar start Sat Aug 21 19:16:13 CST 2021
2021-08-21 19:16:13.436  INFO 9504 --- [scheduling-1] l.m.community.schedule.AvatarFixTasks    : fixUserAvatar stop Sat Aug 21 19:16:13 CST 2021
2021-08-21 19:26:13.436  INFO 9504 --- [scheduling-1] l.m.community.schedule.AvatarFixTasks    : fixUserAvatar start Sat Aug 21 19:26:13 CST 2021
2021-08-21 19:26:13.436  INFO 9504 --- [scheduling-1] l.m.community.schedule.AvatarFixTasks    : fixUserAvatar stop Sat Aug 21 19:26:13 CST 2021
2021-08-21 19:36:13.437  INFO 9504 --- [scheduling-1] l.m.community.schedule.AvatarFixTasks    : fixUserAvatar start Sat Aug 21 19:36:13 CST 2021
2021-08-21 19:36:13.437  INFO 9504 --- [scheduling-1] l.m.community.schedule.AvatarFixTasks    : fixUserAvatar stop Sat Aug 21 19:36:13 CST 2021
2021-08-21 19:46:13.427  INFO 9504 --- [scheduling-1] l.m.community.schedule.AvatarFixTasks    : fixUserAvatar start Sat Aug 21 19:46:13 CST 2021
2021-08-21 19:46:13.427  INFO 9504 --- [scheduling-1] l.m.community.schedule.AvatarFixTasks    : fixUserAvatar stop Sat Aug 21 19:46:13 CST 2021
2021-08-21 19:56:13.437  INFO 9504 --- [scheduling-1] l.m.community.schedule.AvatarFixTasks    : fixUserAvatar start Sat Aug 21 19:56:13 CST 2021
2021-08-21 19:56:13.767  INFO 9504 --- [scheduling-1] l.m.community.schedule.AvatarFixTasks    : fixUserAvatar stop Sat Aug 21 19:56:13 CST 2021
2021-08-21 20:06:13.428  INFO 9504 --- [scheduling-1] l.m.community.schedule.AvatarFixTasks    : fixUserAvatar start Sat Aug 21 20:06:13 CST 2021
2021-08-21 20:06:13.429  INFO 9504 --- [scheduling-1] l.m.community.schedule.AvatarFixTasks    : fixUserAvatar stop Sat Aug 21 20:06:13 CST 2021
2021-08-21 20:16:13.438  INFO 9504 --- [scheduling-1] l.m.community.schedule.AvatarFixTasks    : fixUserAvatar start Sat Aug 21 20:16:13 CST 2021
2021-08-21 20:16:13.468  INFO 9504 --- [scheduling-1] l.m.community.schedule.AvatarFixTasks    : fixUserAvatar stop Sat Aug 21 20:16:13 CST 2021
